<?xml version="1.0" encoding="UTF-8"?>
<testng-results ignored="0" total="1" passed="1" failed="0" skipped="0">
  <reporter-output>
  </reporter-output>
  <suite started-at="2024-07-02T23:17:26 IST" name="Default suite" finished-at="2024-07-02T23:17:48 IST" duration-ms="21560">
    <groups>
    </groups>
    <test started-at="2024-07-02T23:17:26 IST" name="Default test" finished-at="2024-07-02T23:17:48 IST" duration-ms="21560">
      <class name="Selenium.Class5">
        <test-method signature="loginFunctionality(java.lang.String,java.lang.String,java.lang.String)[pri:0, instance:Selenium.Class5@6cd28fa7]" started-at="2024-07-02T23:17:28 IST" name="loginFunctionality" data-provider="facebook" finished-at="2024-07-02T23:17:48 IST" duration-ms="20344" status="PASS">
          <params>
            <param index="0">
              <value>
                <![CDATA[https://www.facebook.com/]]>
              </value>
            </param>
            <param index="1">
              <value>
                <![CDATA[Vishal]]>
              </value>
            </param>
            <param index="2">
              <value>
                <![CDATA[Vishal]]>
              </value>
            </param>
          </params>
          <reporter-output>
          </reporter-output>
        </test-method> <!-- loginFunctionality -->
      </class> <!-- Selenium.Class5 -->
    </test> <!-- Default test -->
  </suite> <!-- Default suite -->
</testng-results>
